# This is the CMakeCache file.
# For build in directory: /home/artem4ik/Projects/FuseVFS/cmake-build-debug
# It was generated by CMake: /snap/clion/332/bin/cmake/linux/x64/bin/cmake
# You can edit this file to change values found and used by cmake.
# If you do not want to change any of the values, simply exit the editor.
# If you do want to change a value, simply edit, save, and exit the editor.
# The syntax for the file is as follows:
# KEY:TYPE=VALUE
# KEY is the name of a variable in the cache.
# TYPE is a hint to GUIs for the type of VALUE, DO NOT EDIT TYPE!.
# VALUE is the current value for the KEY.

########################
# EXTERNAL cache entries
########################

//Builds the googlemock subproject
BUILD_GMOCK:BOOL=ON

//Build the testing tree.
BUILD_TESTING:BOOL=ON

//Value Computed by CMake
CLI11_BINARY_DIR:STATIC=/home/artem4ik/Projects/FuseVFS/cmake-build-debug/_deps/cli11-build

//Clang tidy options, such as -fix, semicolon separated
CLI11_CLANG_TIDY_OPTIONS:STRING=

//Value Computed by CMake
CLI11_IS_TOP_LEVEL:STATIC=OFF

//Generate a precompiled static library instead of a header-only
CLI11_PRECOMPILED:BOOL=OFF

//Download the sanitizers CMake config
CLI11_SANITIZERS:BOOL=OFF

//Generate a single header file
CLI11_SINGLE_FILE:BOOL=OFF

//Value Computed by CMake
CLI11_SOURCE_DIR:STATIC=/home/artem4ik/Projects/FuseVFS/cmake-build-debug/_deps/cli11-src

//Turn all warnings into errors (for CI)
CLI11_WARNINGS_AS_ERRORS:BOOL=OFF

//Path to a program.
CMAKE_ADDR2LINE:FILEPATH=/usr/bin/addr2line

//Path to a program.
CMAKE_AR:FILEPATH=/usr/bin/ar

//Choose the type of build, options are: None Debug Release RelWithDebInfo
// MinSizeRel ...
CMAKE_BUILD_TYPE:STRING=Debug

//Enable colored diagnostics throughout.
CMAKE_COLOR_DIAGNOSTICS:BOOL=ON

//No help, variable specified on the command line.
CMAKE_CXX_COMPILER:UNINITIALIZED=/usr/bin/g++-13

//A wrapper around 'ar' adding the appropriate '--plugin' option
// for the GCC compiler
CMAKE_CXX_COMPILER_AR:FILEPATH=/usr/bin/gcc-ar-13

//A wrapper around 'ranlib' adding the appropriate '--plugin' option
// for the GCC compiler
CMAKE_CXX_COMPILER_RANLIB:FILEPATH=/usr/bin/gcc-ranlib-13

//Flags used by the CXX compiler during all build types.
CMAKE_CXX_FLAGS:STRING=

//Flags used by the CXX compiler during DEBUG builds.
CMAKE_CXX_FLAGS_DEBUG:STRING=-g

//Flags used by the CXX compiler during MINSIZEREL builds.
CMAKE_CXX_FLAGS_MINSIZEREL:STRING=-Os -DNDEBUG

//Flags used by the CXX compiler during RELEASE builds.
CMAKE_CXX_FLAGS_RELEASE:STRING=-O3 -DNDEBUG

//Flags used by the CXX compiler during RELWITHDEBINFO builds.
CMAKE_CXX_FLAGS_RELWITHDEBINFO:STRING=-O2 -g -DNDEBUG

//No help, variable specified on the command line.
CMAKE_C_COMPILER:UNINITIALIZED=/usr/bin/gcc-13

//A wrapper around 'ar' adding the appropriate '--plugin' option
// for the GCC compiler
CMAKE_C_COMPILER_AR:FILEPATH=/usr/bin/gcc-ar-13

//A wrapper around 'ranlib' adding the appropriate '--plugin' option
// for the GCC compiler
CMAKE_C_COMPILER_RANLIB:FILEPATH=/usr/bin/gcc-ranlib-13

//Flags used by the C compiler during all build types.
CMAKE_C_FLAGS:STRING=

//Flags used by the C compiler during DEBUG builds.
CMAKE_C_FLAGS_DEBUG:STRING=-g

//Flags used by the C compiler during MINSIZEREL builds.
CMAKE_C_FLAGS_MINSIZEREL:STRING=-Os -DNDEBUG

//Flags used by the C compiler during RELEASE builds.
CMAKE_C_FLAGS_RELEASE:STRING=-O3 -DNDEBUG

//Flags used by the C compiler during RELWITHDEBINFO builds.
CMAKE_C_FLAGS_RELWITHDEBINFO:STRING=-O2 -g -DNDEBUG

//Path to a program.
CMAKE_DLLTOOL:FILEPATH=CMAKE_DLLTOOL-NOTFOUND

//Flags used by the linker during all build types.
CMAKE_EXE_LINKER_FLAGS:STRING=

//Flags used by the linker during DEBUG builds.
CMAKE_EXE_LINKER_FLAGS_DEBUG:STRING=

//Flags used by the linker during MINSIZEREL builds.
CMAKE_EXE_LINKER_FLAGS_MINSIZEREL:STRING=

//Flags used by the linker during RELEASE builds.
CMAKE_EXE_LINKER_FLAGS_RELEASE:STRING=

//Flags used by the linker during RELWITHDEBINFO builds.
CMAKE_EXE_LINKER_FLAGS_RELWITHDEBINFO:STRING=

//Enable/Disable output of compile commands during generation.
CMAKE_EXPORT_COMPILE_COMMANDS:BOOL=

//Value Computed by CMake.
CMAKE_FIND_PACKAGE_REDIRECTS_DIR:STATIC=/home/artem4ik/Projects/FuseVFS/cmake-build-debug/CMakeFiles/pkgRedirects

//User executables (bin)
CMAKE_INSTALL_BINDIR:PATH=bin

//Read-only architecture-independent data (DATAROOTDIR)
CMAKE_INSTALL_DATADIR:PATH=

//Read-only architecture-independent data root (share)
CMAKE_INSTALL_DATAROOTDIR:PATH=share

//Documentation root (DATAROOTDIR/doc/PROJECT_NAME)
CMAKE_INSTALL_DOCDIR:PATH=

//C header files (include)
CMAKE_INSTALL_INCLUDEDIR:PATH=include

//Info documentation (DATAROOTDIR/info)
CMAKE_INSTALL_INFODIR:PATH=

//Object code libraries (lib)
CMAKE_INSTALL_LIBDIR:PATH=lib

//Program executables (libexec)
CMAKE_INSTALL_LIBEXECDIR:PATH=libexec

//Locale-dependent data (DATAROOTDIR/locale)
CMAKE_INSTALL_LOCALEDIR:PATH=

//Modifiable single-machine data (var)
CMAKE_INSTALL_LOCALSTATEDIR:PATH=var

//Man documentation (DATAROOTDIR/man)
CMAKE_INSTALL_MANDIR:PATH=

//C header files for non-gcc (/usr/include)
CMAKE_INSTALL_OLDINCLUDEDIR:PATH=/usr/include

//Install path prefix, prepended onto install directories.
CMAKE_INSTALL_PREFIX:PATH=/usr/local

//Run-time variable data (LOCALSTATEDIR/run)
CMAKE_INSTALL_RUNSTATEDIR:PATH=

//System admin executables (sbin)
CMAKE_INSTALL_SBINDIR:PATH=sbin

//Modifiable architecture-independent data (com)
CMAKE_INSTALL_SHAREDSTATEDIR:PATH=com

//Read-only single-machine data (etc)
CMAKE_INSTALL_SYSCONFDIR:PATH=etc

//Path to a program.
CMAKE_LINKER:FILEPATH=/usr/bin/ld

//No help, variable specified on the command line.
CMAKE_MAKE_PROGRAM:UNINITIALIZED=/snap/clion/332/bin/ninja/linux/x64/ninja

//Flags used by the linker during the creation of modules during
// all build types.
CMAKE_MODULE_LINKER_FLAGS:STRING=

//Flags used by the linker during the creation of modules during
// DEBUG builds.
CMAKE_MODULE_LINKER_FLAGS_DEBUG:STRING=

//Flags used by the linker during the creation of modules during
// MINSIZEREL builds.
CMAKE_MODULE_LINKER_FLAGS_MINSIZEREL:STRING=

//Flags used by the linker during the creation of modules during
// RELEASE builds.
CMAKE_MODULE_LINKER_FLAGS_RELEASE:STRING=

//Flags used by the linker during the creation of modules during
// RELWITHDEBINFO builds.
CMAKE_MODULE_LINKER_FLAGS_RELWITHDEBINFO:STRING=

//Path to a program.
CMAKE_NM:FILEPATH=/usr/bin/nm

//Path to a program.
CMAKE_OBJCOPY:FILEPATH=/usr/bin/objcopy

//Path to a program.
CMAKE_OBJDUMP:FILEPATH=/usr/bin/objdump

//Value Computed by CMake
CMAKE_PROJECT_DESCRIPTION:STATIC=

//Value Computed by CMake
CMAKE_PROJECT_HOMEPAGE_URL:STATIC=

//Value Computed by CMake
CMAKE_PROJECT_NAME:STATIC=FuseVFS

//Value Computed by CMake
CMAKE_PROJECT_VERSION:STATIC=2.1.2

//Value Computed by CMake
CMAKE_PROJECT_VERSION_MAJOR:STATIC=2

//Value Computed by CMake
CMAKE_PROJECT_VERSION_MINOR:STATIC=1

//Value Computed by CMake
CMAKE_PROJECT_VERSION_PATCH:STATIC=2

//Value Computed by CMake
CMAKE_PROJECT_VERSION_TWEAK:STATIC=

//Path to a program.
CMAKE_RANLIB:FILEPATH=/usr/bin/ranlib

//Path to a program.
CMAKE_READELF:FILEPATH=/usr/bin/readelf

//Flags used by the linker during the creation of shared libraries
// during all build types.
CMAKE_SHARED_LINKER_FLAGS:STRING=

//Flags used by the linker during the creation of shared libraries
// during DEBUG builds.
CMAKE_SHARED_LINKER_FLAGS_DEBUG:STRING=

//Flags used by the linker during the creation of shared libraries
// during MINSIZEREL builds.
CMAKE_SHARED_LINKER_FLAGS_MINSIZEREL:STRING=

//Flags used by the linker during the creation of shared libraries
// during RELEASE builds.
CMAKE_SHARED_LINKER_FLAGS_RELEASE:STRING=

//Flags used by the linker during the creation of shared libraries
// during RELWITHDEBINFO builds.
CMAKE_SHARED_LINKER_FLAGS_RELWITHDEBINFO:STRING=

//If set, runtime paths are not added when installing shared libraries,
// but are added when building.
CMAKE_SKIP_INSTALL_RPATH:BOOL=NO

//If set, runtime paths are not added when using shared libraries.
CMAKE_SKIP_RPATH:BOOL=NO

//Flags used by the linker during the creation of static libraries
// during all build types.
CMAKE_STATIC_LINKER_FLAGS:STRING=

//Flags used by the linker during the creation of static libraries
// during DEBUG builds.
CMAKE_STATIC_LINKER_FLAGS_DEBUG:STRING=

//Flags used by the linker during the creation of static libraries
// during MINSIZEREL builds.
CMAKE_STATIC_LINKER_FLAGS_MINSIZEREL:STRING=

//Flags used by the linker during the creation of static libraries
// during RELEASE builds.
CMAKE_STATIC_LINKER_FLAGS_RELEASE:STRING=

//Flags used by the linker during the creation of static libraries
// during RELWITHDEBINFO builds.
CMAKE_STATIC_LINKER_FLAGS_RELWITHDEBINFO:STRING=

//Path to a program.
CMAKE_STRIP:FILEPATH=/usr/bin/strip

//Path to a program.
CMAKE_TAPI:FILEPATH=CMAKE_TAPI-NOTFOUND

//If this value is on, makefiles will be generated without the
// .SILENT directive, and all commands will be echoed to the console
// during the make.  This is useful for debugging only. With Visual
// Studio IDE projects all commands are done without /nologo.
CMAKE_VERBOSE_MAKEFILE:BOOL=FALSE

//Path to the coverage program that CTest uses for performing coverage
// inspection
COVERAGE_COMMAND:FILEPATH=/usr/bin/gcov

//Extra command line flags to pass to the coverage tool
COVERAGE_EXTRA_FLAGS:STRING=-l

//Enable to build Debian packages
CPACK_BINARY_DEB:BOOL=OFF

//Enable to build FreeBSD packages
CPACK_BINARY_FREEBSD:BOOL=OFF

//Enable to build IFW packages
CPACK_BINARY_IFW:BOOL=OFF

//Enable to build NSIS packages
CPACK_BINARY_NSIS:BOOL=OFF

//Enable to build RPM packages
CPACK_BINARY_RPM:BOOL=OFF

//Enable to build STGZ packages
CPACK_BINARY_STGZ:BOOL=ON

//Enable to build TBZ2 packages
CPACK_BINARY_TBZ2:BOOL=OFF

//Enable to build TGZ packages
CPACK_BINARY_TGZ:BOOL=ON

//Enable to build TXZ packages
CPACK_BINARY_TXZ:BOOL=OFF

//Enable to build TZ packages
CPACK_BINARY_TZ:BOOL=ON

//How many times to retry timed-out CTest submissions.
CTEST_SUBMIT_RETRY_COUNT:STRING=3

//How long to wait between timed-out CTest submissions.
CTEST_SUBMIT_RETRY_DELAY:STRING=5

//Maximum time allowed before CTest will kill the test.
DART_TESTING_TIMEOUT:STRING=1500

//Directory under which to collect all populated content
FETCHCONTENT_BASE_DIR:PATH=/home/artem4ik/Projects/FuseVFS/cmake-build-debug/_deps

//Disables all attempts to download or update content and assumes
// source dirs already exist
FETCHCONTENT_FULLY_DISCONNECTED:BOOL=OFF

//Enables QUIET option for all content population
FETCHCONTENT_QUIET:BOOL=ON

//When not empty, overrides where to find pre-populated content
// for CLI11
FETCHCONTENT_SOURCE_DIR_CLI11:PATH=

//When not empty, overrides where to find pre-populated content
// for googletest
FETCHCONTENT_SOURCE_DIR_GOOGLETEST:PATH=

//When not empty, overrides where to find pre-populated content
// for magic_enum
FETCHCONTENT_SOURCE_DIR_MAGIC_ENUM:PATH=

//Enables UPDATE_DISCONNECTED behavior for all content population
FETCHCONTENT_UPDATES_DISCONNECTED:BOOL=OFF

//Enables UPDATE_DISCONNECTED behavior just for population of CLI11
FETCHCONTENT_UPDATES_DISCONNECTED_CLI11:BOOL=OFF

//Enables UPDATE_DISCONNECTED behavior just for population of googletest
FETCHCONTENT_UPDATES_DISCONNECTED_GOOGLETEST:BOOL=OFF

//Enables UPDATE_DISCONNECTED behavior just for population of magic_enum
FETCHCONTENT_UPDATES_DISCONNECTED_MAGIC_ENUM:BOOL=OFF

//Value Computed by CMake
FuseVFS_BINARY_DIR:STATIC=/home/artem4ik/Projects/FuseVFS/cmake-build-debug

//Value Computed by CMake
FuseVFS_IS_TOP_LEVEL:STATIC=ON

//Value Computed by CMake
FuseVFS_SOURCE_DIR:STATIC=/home/artem4ik/Projects/FuseVFS

//Git command line client
GIT_EXECUTABLE:FILEPATH=/usr/bin/git

//Use Abseil and RE2. Requires Abseil and RE2 to be separately
// added to the build.
GTEST_HAS_ABSL:BOOL=OFF

//Enable installation of googletest. (Projects embedding googletest
// may want to turn this OFF.)
INSTALL_GTEST:BOOL=ON

//Build magic_enum examples
MAGIC_ENUM_OPT_BUILD_EXAMPLES:BOOL=OFF

//Build and perform magic_enum tests
MAGIC_ENUM_OPT_BUILD_TESTS:BOOL=OFF

//Generate and install magic_enum target
MAGIC_ENUM_OPT_INSTALL:BOOL=OFF

//Command to build the project
MAKECOMMAND:STRING=/snap/clion/332/bin/cmake/linux/x64/bin/cmake --build . --config "${CTEST_CONFIGURATION_TYPE}"

//Path to the memory checking command, used for memory error detection.
MEMORYCHECK_COMMAND:FILEPATH=MEMORYCHECK_COMMAND-NOTFOUND

//File that contains suppressions for the memory checker
MEMORYCHECK_SUPPRESSIONS_FILE:FILEPATH=

//Arguments to supply to pkg-config
PKG_CONFIG_ARGN:STRING=

//pkg-config executable
PKG_CONFIG_EXECUTABLE:FILEPATH=/usr/bin/pkg-config

//Name of the computer/site where compile is being run
SITE:STRING=Ubuntu

//Value Computed by CMake
gmock_BINARY_DIR:STATIC=/home/artem4ik/Projects/FuseVFS/cmake-build-debug/_deps/googletest-build/googlemock

//Value Computed by CMake
gmock_IS_TOP_LEVEL:STATIC=OFF

//Value Computed by CMake
gmock_SOURCE_DIR:STATIC=/home/artem4ik/Projects/FuseVFS/cmake-build-debug/_deps/googletest-src/googlemock

//Build all of Google Mock's own tests.
gmock_build_tests:BOOL=OFF

//Value Computed by CMake
googletest-distribution_BINARY_DIR:STATIC=/home/artem4ik/Projects/FuseVFS/cmake-build-debug/_deps/googletest-build

//Value Computed by CMake
googletest-distribution_IS_TOP_LEVEL:STATIC=OFF

//Value Computed by CMake
googletest-distribution_SOURCE_DIR:STATIC=/home/artem4ik/Projects/FuseVFS/cmake-build-debug/_deps/googletest-src

//Value Computed by CMake
gtest_BINARY_DIR:STATIC=/home/artem4ik/Projects/FuseVFS/cmake-build-debug/_deps/googletest-build/googletest

//Value Computed by CMake
gtest_IS_TOP_LEVEL:STATIC=OFF

//Value Computed by CMake
gtest_SOURCE_DIR:STATIC=/home/artem4ik/Projects/FuseVFS/cmake-build-debug/_deps/googletest-src/googletest

//Build gtest's sample programs.
gtest_build_samples:BOOL=OFF

//Build all of gtest's own tests.
gtest_build_tests:BOOL=OFF

//Disable uses of pthreads in gtest.
gtest_disable_pthreads:BOOL=OFF

//Use shared (DLL) run-time lib even when Google Test is built
// as static lib.
gtest_force_shared_crt:BOOL=OFF

//Build gtest with internal symbols hidden in shared libraries.
gtest_hide_internal_symbols:BOOL=OFF

//Value Computed by CMake
magic_enum_BINARY_DIR:STATIC=/home/artem4ik/Projects/FuseVFS/cmake-build-debug/_deps/magic_enum-build

//Value Computed by CMake
magic_enum_IS_TOP_LEVEL:STATIC=OFF

//Value Computed by CMake
magic_enum_SOURCE_DIR:STATIC=/home/artem4ik/Projects/FuseVFS/cmake-build-debug/_deps/magic_enum-src

//Path to a library.
pkgcfg_lib_FUSE3_fuse3:FILEPATH=/usr/lib/x86_64-linux-gnu/libfuse3.so

//Path to a library.
pkgcfg_lib_FUSE3_pthread:FILEPATH=/usr/lib/x86_64-linux-gnu/libpthread.so

//Path to a library.
pkgcfg_lib_FUSE_fuse:FILEPATH=/usr/lib/x86_64-linux-gnu/libfuse.so


########################
# INTERNAL cache entries
########################

//ADVANCED property for variable: CMAKE_ADDR2LINE
CMAKE_ADDR2LINE-ADVANCED:INTERNAL=1
//ADVANCED property for variable: CMAKE_AR
CMAKE_AR-ADVANCED:INTERNAL=1
//This is the directory where this CMakeCache.txt was created
CMAKE_CACHEFILE_DIR:INTERNAL=/home/artem4ik/Projects/FuseVFS/cmake-build-debug
//Major version of cmake used to create the current loaded cache
CMAKE_CACHE_MAJOR_VERSION:INTERNAL=3
//Minor version of cmake used to create the current loaded cache
CMAKE_CACHE_MINOR_VERSION:INTERNAL=30
//Patch version of cmake used to create the current loaded cache
CMAKE_CACHE_PATCH_VERSION:INTERNAL=5
//Path to CMake executable.
CMAKE_COMMAND:INTERNAL=/snap/clion/332/bin/cmake/linux/x64/bin/cmake
//Path to cpack program executable.
CMAKE_CPACK_COMMAND:INTERNAL=/snap/clion/332/bin/cmake/linux/x64/bin/cpack
//ADVANCED property for variable: CMAKE_CTEST_COMMAND
CMAKE_CTEST_COMMAND-ADVANCED:INTERNAL=1
//Path to ctest program executable.
CMAKE_CTEST_COMMAND:INTERNAL=/snap/clion/332/bin/cmake/linux/x64/bin/ctest
//ADVANCED property for variable: CMAKE_CXX_COMPILER
CMAKE_CXX_COMPILER-ADVANCED:INTERNAL=1
//ADVANCED property for variable: CMAKE_CXX_COMPILER_AR
CMAKE_CXX_COMPILER_AR-ADVANCED:INTERNAL=1
//ADVANCED property for variable: CMAKE_CXX_COMPILER_RANLIB
CMAKE_CXX_COMPILER_RANLIB-ADVANCED:INTERNAL=1
//ADVANCED property for variable: CMAKE_CXX_FLAGS
CMAKE_CXX_FLAGS-ADVANCED:INTERNAL=1
//ADVANCED property for variable: CMAKE_CXX_FLAGS_DEBUG
CMAKE_CXX_FLAGS_DEBUG-ADVANCED:INTERNAL=1
//ADVANCED property for variable: CMAKE_CXX_FLAGS_MINSIZEREL
CMAKE_CXX_FLAGS_MINSIZEREL-ADVANCED:INTERNAL=1
//ADVANCED property for variable: CMAKE_CXX_FLAGS_RELEASE
CMAKE_CXX_FLAGS_RELEASE-ADVANCED:INTERNAL=1
//ADVANCED property for variable: CMAKE_CXX_FLAGS_RELWITHDEBINFO
CMAKE_CXX_FLAGS_RELWITHDEBINFO-ADVANCED:INTERNAL=1
//ADVANCED property for variable: CMAKE_C_COMPILER
CMAKE_C_COMPILER-ADVANCED:INTERNAL=1
//ADVANCED property for variable: CMAKE_C_COMPILER_AR
CMAKE_C_COMPILER_AR-ADVANCED:INTERNAL=1
//ADVANCED property for variable: CMAKE_C_COMPILER_RANLIB
CMAKE_C_COMPILER_RANLIB-ADVANCED:INTERNAL=1
//ADVANCED property for variable: CMAKE_C_FLAGS
CMAKE_C_FLAGS-ADVANCED:INTERNAL=1
//ADVANCED property for variable: CMAKE_C_FLAGS_DEBUG
CMAKE_C_FLAGS_DEBUG-ADVANCED:INTERNAL=1
//ADVANCED property for variable: CMAKE_C_FLAGS_MINSIZEREL
CMAKE_C_FLAGS_MINSIZEREL-ADVANCED:INTERNAL=1
//ADVANCED property for variable: CMAKE_C_FLAGS_RELEASE
CMAKE_C_FLAGS_RELEASE-ADVANCED:INTERNAL=1
//ADVANCED property for variable: CMAKE_C_FLAGS_RELWITHDEBINFO
CMAKE_C_FLAGS_RELWITHDEBINFO-ADVANCED:INTERNAL=1
//ADVANCED property for variable: CMAKE_DLLTOOL
CMAKE_DLLTOOL-ADVANCED:INTERNAL=1
//Executable file format
CMAKE_EXECUTABLE_FORMAT:INTERNAL=ELF
//ADVANCED property for variable: CMAKE_EXE_LINKER_FLAGS
CMAKE_EXE_LINKER_FLAGS-ADVANCED:INTERNAL=1
//ADVANCED property for variable: CMAKE_EXE_LINKER_FLAGS_DEBUG
CMAKE_EXE_LINKER_FLAGS_DEBUG-ADVANCED:INTERNAL=1
//ADVANCED property for variable: CMAKE_EXE_LINKER_FLAGS_MINSIZEREL
CMAKE_EXE_LINKER_FLAGS_MINSIZEREL-ADVANCED:INTERNAL=1
//ADVANCED property for variable: CMAKE_EXE_LINKER_FLAGS_RELEASE
CMAKE_EXE_LINKER_FLAGS_RELEASE-ADVANCED:INTERNAL=1
//ADVANCED property for variable: CMAKE_EXE_LINKER_FLAGS_RELWITHDEBINFO
CMAKE_EXE_LINKER_FLAGS_RELWITHDEBINFO-ADVANCED:INTERNAL=1
//ADVANCED property for variable: CMAKE_EXPORT_COMPILE_COMMANDS
CMAKE_EXPORT_COMPILE_COMMANDS-ADVANCED:INTERNAL=1
//Name of external makefile project generator.
CMAKE_EXTRA_GENERATOR:INTERNAL=
//Name of generator.
CMAKE_GENERATOR:INTERNAL=Ninja
//Generator instance identifier.
CMAKE_GENERATOR_INSTANCE:INTERNAL=
//Name of generator platform.
CMAKE_GENERATOR_PLATFORM:INTERNAL=
//Name of generator toolset.
CMAKE_GENERATOR_TOOLSET:INTERNAL=
//Test CMAKE_HAVE_LIBC_PTHREAD
CMAKE_HAVE_LIBC_PTHREAD:INTERNAL=
//Have library pthreads
CMAKE_HAVE_PTHREADS_CREATE:INTERNAL=
//Have library pthread
CMAKE_HAVE_PTHREAD_CREATE:INTERNAL=1
//Source directory with the top level CMakeLists.txt file for this
// project
CMAKE_HOME_DIRECTORY:INTERNAL=/home/artem4ik/Projects/FuseVFS
//ADVANCED property for variable: CMAKE_INSTALL_BINDIR
CMAKE_INSTALL_BINDIR-ADVANCED:INTERNAL=1
//ADVANCED property for variable: CMAKE_INSTALL_DATADIR
CMAKE_INSTALL_DATADIR-ADVANCED:INTERNAL=1
//ADVANCED property for variable: CMAKE_INSTALL_DATAROOTDIR
CMAKE_INSTALL_DATAROOTDIR-ADVANCED:INTERNAL=1
//ADVANCED property for variable: CMAKE_INSTALL_DOCDIR
CMAKE_INSTALL_DOCDIR-ADVANCED:INTERNAL=1
//ADVANCED property for variable: CMAKE_INSTALL_INCLUDEDIR
CMAKE_INSTALL_INCLUDEDIR-ADVANCED:INTERNAL=1
//ADVANCED property for variable: CMAKE_INSTALL_INFODIR
CMAKE_INSTALL_INFODIR-ADVANCED:INTERNAL=1
//ADVANCED property for variable: CMAKE_INSTALL_LIBDIR
CMAKE_INSTALL_LIBDIR-ADVANCED:INTERNAL=1
//ADVANCED property for variable: CMAKE_INSTALL_LIBEXECDIR
CMAKE_INSTALL_LIBEXECDIR-ADVANCED:INTERNAL=1
//ADVANCED property for variable: CMAKE_INSTALL_LOCALEDIR
CMAKE_INSTALL_LOCALEDIR-ADVANCED:INTERNAL=1
//ADVANCED property for variable: CMAKE_INSTALL_LOCALSTATEDIR
CMAKE_INSTALL_LOCALSTATEDIR-ADVANCED:INTERNAL=1
//ADVANCED property for variable: CMAKE_INSTALL_MANDIR
CMAKE_INSTALL_MANDIR-ADVANCED:INTERNAL=1
//ADVANCED property for variable: CMAKE_INSTALL_OLDINCLUDEDIR
CMAKE_INSTALL_OLDINCLUDEDIR-ADVANCED:INTERNAL=1
//ADVANCED property for variable: CMAKE_INSTALL_RUNSTATEDIR
CMAKE_INSTALL_RUNSTATEDIR-ADVANCED:INTERNAL=1
//ADVANCED property for variable: CMAKE_INSTALL_SBINDIR
CMAKE_INSTALL_SBINDIR-ADVANCED:INTERNAL=1
//ADVANCED property for variable: CMAKE_INSTALL_SHAREDSTATEDIR
CMAKE_INSTALL_SHAREDSTATEDIR-ADVANCED:INTERNAL=1
//Install .so files without execute permission.
CMAKE_INSTALL_SO_NO_EXE:INTERNAL=1
//ADVANCED property for variable: CMAKE_INSTALL_SYSCONFDIR
CMAKE_INSTALL_SYSCONFDIR-ADVANCED:INTERNAL=1
//ADVANCED property for variable: CMAKE_LINKER
CMAKE_LINKER-ADVANCED:INTERNAL=1
//ADVANCED property for variable: CMAKE_MODULE_LINKER_FLAGS
CMAKE_MODULE_LINKER_FLAGS-ADVANCED:INTERNAL=1
//ADVANCED property for variable: CMAKE_MODULE_LINKER_FLAGS_DEBUG
CMAKE_MODULE_LINKER_FLAGS_DEBUG-ADVANCED:INTERNAL=1
//ADVANCED property for variable: CMAKE_MODULE_LINKER_FLAGS_MINSIZEREL
CMAKE_MODULE_LINKER_FLAGS_MINSIZEREL-ADVANCED:INTERNAL=1
//ADVANCED property for variable: CMAKE_MODULE_LINKER_FLAGS_RELEASE
CMAKE_MODULE_LINKER_FLAGS_RELEASE-ADVANCED:INTERNAL=1
//ADVANCED property for variable: CMAKE_MODULE_LINKER_FLAGS_RELWITHDEBINFO
CMAKE_MODULE_LINKER_FLAGS_RELWITHDEBINFO-ADVANCED:INTERNAL=1
//ADVANCED property for variable: CMAKE_NM
CMAKE_NM-ADVANCED:INTERNAL=1
//number of local generators
CMAKE_NUMBER_OF_MAKEFILES:INTERNAL=10
//ADVANCED property for variable: CMAKE_OBJCOPY
CMAKE_OBJCOPY-ADVANCED:INTERNAL=1
//ADVANCED property for variable: CMAKE_OBJDUMP
CMAKE_OBJDUMP-ADVANCED:INTERNAL=1
//Platform information initialized
CMAKE_PLATFORM_INFO_INITIALIZED:INTERNAL=1
//ADVANCED property for variable: CMAKE_RANLIB
CMAKE_RANLIB-ADVANCED:INTERNAL=1
//ADVANCED property for variable: CMAKE_READELF
CMAKE_READELF-ADVANCED:INTERNAL=1
//Path to CMake installation.
CMAKE_ROOT:INTERNAL=/snap/clion/332/bin/cmake/linux/x64/share/cmake-3.30
//ADVANCED property for variable: CMAKE_SHARED_LINKER_FLAGS
CMAKE_SHARED_LINKER_FLAGS-ADVANCED:INTERNAL=1
//ADVANCED property for variable: CMAKE_SHARED_LINKER_FLAGS_DEBUG
CMAKE_SHARED_LINKER_FLAGS_DEBUG-ADVANCED:INTERNAL=1
//ADVANCED property for variable: CMAKE_SHARED_LINKER_FLAGS_MINSIZEREL
CMAKE_SHARED_LINKER_FLAGS_MINSIZEREL-ADVANCED:INTERNAL=1
//ADVANCED property for variable: CMAKE_SHARED_LINKER_FLAGS_RELEASE
CMAKE_SHARED_LINKER_FLAGS_RELEASE-ADVANCED:INTERNAL=1
//ADVANCED property for variable: CMAKE_SHARED_LINKER_FLAGS_RELWITHDEBINFO
CMAKE_SHARED_LINKER_FLAGS_RELWITHDEBINFO-ADVANCED:INTERNAL=1
//ADVANCED property for variable: CMAKE_SKIP_INSTALL_RPATH
CMAKE_SKIP_INSTALL_RPATH-ADVANCED:INTERNAL=1
//ADVANCED property for variable: CMAKE_SKIP_RPATH
CMAKE_SKIP_RPATH-ADVANCED:INTERNAL=1
//ADVANCED property for variable: CMAKE_STATIC_LINKER_FLAGS
CMAKE_STATIC_LINKER_FLAGS-ADVANCED:INTERNAL=1
//ADVANCED property for variable: CMAKE_STATIC_LINKER_FLAGS_DEBUG
CMAKE_STATIC_LINKER_FLAGS_DEBUG-ADVANCED:INTERNAL=1
//ADVANCED property for variable: CMAKE_STATIC_LINKER_FLAGS_MINSIZEREL
CMAKE_STATIC_LINKER_FLAGS_MINSIZEREL-ADVANCED:INTERNAL=1
//ADVANCED property for variable: CMAKE_STATIC_LINKER_FLAGS_RELEASE
CMAKE_STATIC_LINKER_FLAGS_RELEASE-ADVANCED:INTERNAL=1
//ADVANCED property for variable: CMAKE_STATIC_LINKER_FLAGS_RELWITHDEBINFO
CMAKE_STATIC_LINKER_FLAGS_RELWITHDEBINFO-ADVANCED:INTERNAL=1
//ADVANCED property for variable: CMAKE_STRIP
CMAKE_STRIP-ADVANCED:INTERNAL=1
//ADVANCED property for variable: CMAKE_TAPI
CMAKE_TAPI-ADVANCED:INTERNAL=1
//uname command
CMAKE_UNAME:INTERNAL=/bin/uname
//ADVANCED property for variable: CMAKE_VERBOSE_MAKEFILE
CMAKE_VERBOSE_MAKEFILE-ADVANCED:INTERNAL=1
//ADVANCED property for variable: COVERAGE_COMMAND
COVERAGE_COMMAND-ADVANCED:INTERNAL=1
//ADVANCED property for variable: COVERAGE_EXTRA_FLAGS
COVERAGE_EXTRA_FLAGS-ADVANCED:INTERNAL=1
//ADVANCED property for variable: CPACK_BINARY_DEB
CPACK_BINARY_DEB-ADVANCED:INTERNAL=1
//ADVANCED property for variable: CPACK_BINARY_FREEBSD
CPACK_BINARY_FREEBSD-ADVANCED:INTERNAL=1
//ADVANCED property for variable: CPACK_BINARY_IFW
CPACK_BINARY_IFW-ADVANCED:INTERNAL=1
//ADVANCED property for variable: CPACK_BINARY_NSIS
CPACK_BINARY_NSIS-ADVANCED:INTERNAL=1
//ADVANCED property for variable: CPACK_BINARY_RPM
CPACK_BINARY_RPM-ADVANCED:INTERNAL=1
//ADVANCED property for variable: CPACK_BINARY_STGZ
CPACK_BINARY_STGZ-ADVANCED:INTERNAL=1
//ADVANCED property for variable: CPACK_BINARY_TBZ2
CPACK_BINARY_TBZ2-ADVANCED:INTERNAL=1
//ADVANCED property for variable: CPACK_BINARY_TGZ
CPACK_BINARY_TGZ-ADVANCED:INTERNAL=1
//ADVANCED property for variable: CPACK_BINARY_TXZ
CPACK_BINARY_TXZ-ADVANCED:INTERNAL=1
//ADVANCED property for variable: CPACK_BINARY_TZ
CPACK_BINARY_TZ-ADVANCED:INTERNAL=1
//ADVANCED property for variable: CTEST_SUBMIT_RETRY_COUNT
CTEST_SUBMIT_RETRY_COUNT-ADVANCED:INTERNAL=1
//ADVANCED property for variable: CTEST_SUBMIT_RETRY_DELAY
CTEST_SUBMIT_RETRY_DELAY-ADVANCED:INTERNAL=1
//ADVANCED property for variable: DART_TESTING_TIMEOUT
DART_TESTING_TIMEOUT-ADVANCED:INTERNAL=1
//Details about finding PkgConfig
FIND_PACKAGE_MESSAGE_DETAILS_PkgConfig:INTERNAL=[/usr/bin/pkg-config][v0.29.1()]
//Details about finding Python3
FIND_PACKAGE_MESSAGE_DETAILS_Python3:INTERNAL=[/usr/bin/python3.8][cfound components: Interpreter ][v3.8.10()]
//Details about finding Threads
FIND_PACKAGE_MESSAGE_DETAILS_Threads:INTERNAL=[TRUE][v()]
FUSE3_CFLAGS:INTERNAL=-I/usr/include/fuse3
FUSE3_CFLAGS_I:INTERNAL=
FUSE3_CFLAGS_OTHER:INTERNAL=
FUSE3_FOUND:INTERNAL=1
FUSE3_INCLUDEDIR:INTERNAL=/usr/include
FUSE3_INCLUDE_DIRS:INTERNAL=/usr/include/fuse3
FUSE3_LDFLAGS:INTERNAL=-L/usr/lib/x86_64-linux-gnu;-lfuse3;-lpthread
FUSE3_LDFLAGS_OTHER:INTERNAL=
FUSE3_LIBDIR:INTERNAL=/usr/lib/x86_64-linux-gnu
FUSE3_LIBRARIES:INTERNAL=fuse3;pthread
FUSE3_LIBRARY_DIRS:INTERNAL=/usr/lib/x86_64-linux-gnu
FUSE3_LIBS:INTERNAL=
FUSE3_LIBS_L:INTERNAL=
FUSE3_LIBS_OTHER:INTERNAL=
FUSE3_LIBS_PATHS:INTERNAL=
FUSE3_MODULE_NAME:INTERNAL=fuse3
FUSE3_PREFIX:INTERNAL=/usr
FUSE3_STATIC_CFLAGS:INTERNAL=-I/usr/include/fuse3
FUSE3_STATIC_CFLAGS_I:INTERNAL=
FUSE3_STATIC_CFLAGS_OTHER:INTERNAL=
FUSE3_STATIC_INCLUDE_DIRS:INTERNAL=/usr/include/fuse3
FUSE3_STATIC_LDFLAGS:INTERNAL=-L/usr/lib/x86_64-linux-gnu;-lfuse3;-lpthread;-ldl;-pthread;-lrt
FUSE3_STATIC_LDFLAGS_OTHER:INTERNAL=-pthread
FUSE3_STATIC_LIBDIR:INTERNAL=
FUSE3_STATIC_LIBRARIES:INTERNAL=fuse3;pthread;dl;rt
FUSE3_STATIC_LIBRARY_DIRS:INTERNAL=/usr/lib/x86_64-linux-gnu
FUSE3_STATIC_LIBS:INTERNAL=
FUSE3_STATIC_LIBS_L:INTERNAL=
FUSE3_STATIC_LIBS_OTHER:INTERNAL=
FUSE3_STATIC_LIBS_PATHS:INTERNAL=
FUSE3_VERSION:INTERNAL=3.9.0
FUSE3_fuse3_INCLUDEDIR:INTERNAL=
FUSE3_fuse3_LIBDIR:INTERNAL=
FUSE3_fuse3_PREFIX:INTERNAL=
FUSE3_fuse3_VERSION:INTERNAL=
FUSE_CFLAGS:INTERNAL=-D_FILE_OFFSET_BITS=64;-I/usr/include/fuse
FUSE_CFLAGS_I:INTERNAL=
FUSE_CFLAGS_OTHER:INTERNAL=-D_FILE_OFFSET_BITS=64
FUSE_FOUND:INTERNAL=1
FUSE_INCLUDEDIR:INTERNAL=/usr/include
FUSE_INCLUDE_DIRS:INTERNAL=/usr/include/fuse
FUSE_LDFLAGS:INTERNAL=-L/usr/lib/x86_64-linux-gnu;-lfuse;-pthread
FUSE_LDFLAGS_OTHER:INTERNAL=-pthread
FUSE_LIBDIR:INTERNAL=/usr/lib/x86_64-linux-gnu
FUSE_LIBRARIES:INTERNAL=fuse
FUSE_LIBRARY_DIRS:INTERNAL=/usr/lib/x86_64-linux-gnu
FUSE_LIBS:INTERNAL=
FUSE_LIBS_L:INTERNAL=
FUSE_LIBS_OTHER:INTERNAL=
FUSE_LIBS_PATHS:INTERNAL=
FUSE_MODULE_NAME:INTERNAL=fuse
FUSE_PREFIX:INTERNAL=/usr
FUSE_STATIC_CFLAGS:INTERNAL=-D_FILE_OFFSET_BITS=64;-I/usr/include/fuse
FUSE_STATIC_CFLAGS_I:INTERNAL=
FUSE_STATIC_CFLAGS_OTHER:INTERNAL=-D_FILE_OFFSET_BITS=64
FUSE_STATIC_INCLUDE_DIRS:INTERNAL=/usr/include/fuse
FUSE_STATIC_LDFLAGS:INTERNAL=-L/usr/lib/x86_64-linux-gnu;-lfuse;-pthread;-ldl
FUSE_STATIC_LDFLAGS_OTHER:INTERNAL=-pthread
FUSE_STATIC_LIBDIR:INTERNAL=
FUSE_STATIC_LIBRARIES:INTERNAL=fuse;dl
FUSE_STATIC_LIBRARY_DIRS:INTERNAL=/usr/lib/x86_64-linux-gnu
FUSE_STATIC_LIBS:INTERNAL=
FUSE_STATIC_LIBS_L:INTERNAL=
FUSE_STATIC_LIBS_OTHER:INTERNAL=
FUSE_STATIC_LIBS_PATHS:INTERNAL=
FUSE_VERSION:INTERNAL=2.9.7
FUSE_fuse_INCLUDEDIR:INTERNAL=
FUSE_fuse_LIBDIR:INTERNAL=
FUSE_fuse_PREFIX:INTERNAL=
FUSE_fuse_VERSION:INTERNAL=
//ADVANCED property for variable: GIT_EXECUTABLE
GIT_EXECUTABLE-ADVANCED:INTERNAL=1
//ADVANCED property for variable: MAKECOMMAND
MAKECOMMAND-ADVANCED:INTERNAL=1
//ADVANCED property for variable: MEMORYCHECK_COMMAND
MEMORYCHECK_COMMAND-ADVANCED:INTERNAL=1
//ADVANCED property for variable: MEMORYCHECK_SUPPRESSIONS_FILE
MEMORYCHECK_SUPPRESSIONS_FILE-ADVANCED:INTERNAL=1
//ADVANCED property for variable: PKG_CONFIG_ARGN
PKG_CONFIG_ARGN-ADVANCED:INTERNAL=1
//ADVANCED property for variable: PKG_CONFIG_EXECUTABLE
PKG_CONFIG_EXECUTABLE-ADVANCED:INTERNAL=1
//ADVANCED property for variable: SITE
SITE-ADVANCED:INTERNAL=1
//linker supports push/pop state
_CMAKE_LINKER_PUSHPOP_STATE_SUPPORTED:INTERNAL=TRUE
//CMAKE_INSTALL_PREFIX during last run
_GNUInstallDirs_LAST_CMAKE_INSTALL_PREFIX:INTERNAL=/usr/local
//Compiler reason failure
_Python3_Compiler_REASON_FAILURE:INTERNAL=
//Development reason failure
_Python3_Development_REASON_FAILURE:INTERNAL=
//Path to a program.
_Python3_EXECUTABLE:INTERNAL=/usr/bin/python3.8
//Python3 Properties
_Python3_INTERPRETER_PROPERTIES:INTERNAL=Python;3;8;10;64;32;<none>;cpython-38-x86_64-linux-gnu;abi3;;;;
_Python3_INTERPRETER_SIGNATURE:INTERNAL=1d67f3455c450d8c2e1e4f08924f9fd7
//NumPy reason failure
_Python3_NumPy_REASON_FAILURE:INTERNAL=
__pkg_config_checked_FUSE:INTERNAL=1
__pkg_config_checked_FUSE3:INTERNAL=1
cmake_package_name:INTERNAL=GTest
generated_dir:INTERNAL=/home/artem4ik/Projects/FuseVFS/cmake-build-debug/_deps/googletest-build/googletest/generated
//ADVANCED property for variable: gmock_build_tests
gmock_build_tests-ADVANCED:INTERNAL=1
//ADVANCED property for variable: gtest_build_samples
gtest_build_samples-ADVANCED:INTERNAL=1
//ADVANCED property for variable: gtest_build_tests
gtest_build_tests-ADVANCED:INTERNAL=1
//ADVANCED property for variable: gtest_disable_pthreads
gtest_disable_pthreads-ADVANCED:INTERNAL=1
//ADVANCED property for variable: gtest_force_shared_crt
gtest_force_shared_crt-ADVANCED:INTERNAL=1
//ADVANCED property for variable: gtest_hide_internal_symbols
gtest_hide_internal_symbols-ADVANCED:INTERNAL=1
//ADVANCED property for variable: pkgcfg_lib_FUSE3_fuse3
pkgcfg_lib_FUSE3_fuse3-ADVANCED:INTERNAL=1
//ADVANCED property for variable: pkgcfg_lib_FUSE3_pthread
pkgcfg_lib_FUSE3_pthread-ADVANCED:INTERNAL=1
//ADVANCED property for variable: pkgcfg_lib_FUSE_fuse
pkgcfg_lib_FUSE_fuse-ADVANCED:INTERNAL=1
prefix_result:INTERNAL=/usr/lib/x86_64-linux-gnu
targets_export_name:INTERNAL=GTestTargets

